2025/03/26 18:45:57 DEBU /usr/bin/tmux display-message -p #{socket_path}
2025/03/26 18:45:57 DEBU /usr/bin/tmux -S /tmp/tmux-1000/default show -gv base-index
2025/03/26 18:45:57 DEBU /usr/bin/tmux display-message -p #{socket_path}
2025/03/26 18:45:57 DEBU /usr/bin/tmux -S /tmp/tmux-1000/default list-sessions -F #{session_name},#{session_windows},#{session_created},#{session_attached},#{session_group},#{session_path}
2025/03/26 18:45:57 DEBU /usr/bin/tmux display-message -p #{socket_path}
2025/03/26 18:45:57 DEBU /usr/bin/tmux display-message -p #{socket_path}
2025/03/26 18:45:57 DEBU /usr/bin/tmux display-message -p #{socket_path}
2025/03/26 18:45:57 DEBU /usr/bin/tmux display-message -p #{socket_path}
2025/03/26 18:45:57 DEBU /usr/bin/tmux display-message -p #{socket_path}
2025/03/26 18:45:57 DEBU /usr/bin/tmux display-message -p #{socket_path}
2025/03/26 18:45:57 DEBU /usr/bin/tmux display-message -p #{socket_path}
2025/03/26 18:45:57 DEBU /usr/bin/tmux -S /tmp/tmux-1000/default list-windows -t workload-clusters-fleet -F #{window_index},#{window_flags},#{window_name},#{window_active},#{window_panes}
2025/03/26 18:45:57 DEBU /usr/bin/tmux -S /tmp/tmux-1000/default list-windows -t giantswarm-management-clusters -F #{window_index},#{window_flags},#{window_name},#{window_active},#{window_panes}
2025/03/26 18:45:57 DEBU /usr/bin/tmux -S /tmp/tmux-1000/default list-windows -t circleci-exporter -F #{window_index},#{window_flags},#{window_name},#{window_active},#{window_panes}
2025/03/26 18:45:57 DEBU /usr/bin/tmux -S /tmp/tmux-1000/default list-windows -t test -F #{window_index},#{window_flags},#{window_name},#{window_active},#{window_panes}
2025/03/26 18:45:57 DEBU /usr/bin/tmux -S /tmp/tmux-1000/default list-windows -t bubbletea -F #{window_index},#{window_flags},#{window_name},#{window_active},#{window_panes}
2025/03/26 18:45:57 DEBU /usr/bin/tmux -S /tmp/tmux-1000/default list-windows -t weave-gitops -F #{window_index},#{window_flags},#{window_name},#{window_active},#{window_panes}
2025/03/26 18:45:57 DEBU /usr/bin/tmux -S /tmp/tmux-1000/default list-windows -t default -F #{window_index},#{window_flags},#{window_name},#{window_active},#{window_panes}
2025/03/26 18:45:57 DEBU /usr/bin/tmux display-message -p #{socket_path}
2025/03/26 18:45:57 DEBU /usr/bin/tmux display-message -p #{socket_path}
2025/03/26 18:45:57 DEBU /usr/bin/tmux display-message -p #{socket_path}
2025/03/26 18:45:57 DEBU /usr/bin/tmux display-message -p #{socket_path}
2025/03/26 18:45:57 DEBU /usr/bin/tmux display-message -p #{socket_path}
2025/03/26 18:45:57 DEBU /usr/bin/tmux display-message -p #{socket_path}
2025/03/26 18:45:57 DEBU /usr/bin/tmux display-message -p #{socket_path}
2025/03/26 18:45:57 DEBU /usr/bin/tmux display-message -p #{socket_path}
2025/03/26 18:45:57 DEBU /usr/bin/tmux display-message -p #{socket_path}
2025/03/26 18:45:57 DEBU /usr/bin/tmux display-message -p #{socket_path}
2025/03/26 18:45:57 DEBU /usr/bin/tmux display-message -p #{socket_path}
2025/03/26 18:45:57 DEBU /usr/bin/tmux -S /tmp/tmux-1000/default display-message -p -t workload-clusters-fleet:1 #{window_layout}
2025/03/26 18:45:57 DEBU /usr/bin/tmux -S /tmp/tmux-1000/default display-message -p -t giantswarm-management-clusters:1 #{window_layout}
2025/03/26 18:45:57 DEBU /usr/bin/tmux -S /tmp/tmux-1000/default display-message -p -t circleci-exporter:1 #{window_layout}
2025/03/26 18:45:57 DEBU /usr/bin/tmux -S /tmp/tmux-1000/default display-message -p -t test:1 #{window_layout}
2025/03/26 18:45:57 DEBU /usr/bin/tmux -S /tmp/tmux-1000/default display-message -p -t default:1 #{window_layout}
2025/03/26 18:45:57 DEBU /usr/bin/tmux -S /tmp/tmux-1000/default display-message -p -t weave-gitops:1 #{window_layout}
2025/03/26 18:45:57 DEBU /usr/bin/tmux -S /tmp/tmux-1000/default display-message -p -t bubbletea:1 #{window_layout}
2025/03/26 18:45:57 DEBU /usr/bin/tmux -S /tmp/tmux-1000/default display-message -p -t default:4 #{window_layout}
2025/03/26 18:45:57 DEBU /usr/bin/tmux -S /tmp/tmux-1000/default display-message -p -t default:3 #{window_layout}
2025/03/26 18:45:57 DEBU /usr/bin/tmux -S /tmp/tmux-1000/default display-message -p -t default:2 #{window_layout}
2025/03/26 18:45:57 DEBU /usr/bin/tmux display-message -p #{socket_path}
2025/03/26 18:45:57 DEBU /usr/bin/tmux -S /tmp/tmux-1000/default display-message -p -t default:5 #{window_layout}
2025/03/26 18:45:57 DEBU /usr/bin/tmux display-message -p #{socket_path}
2025/03/26 18:45:57 DEBU /usr/bin/tmux display-message -p #{socket_path}
2025/03/26 18:45:57 DEBU /usr/bin/tmux display-message -p #{socket_path}
2025/03/26 18:45:57 DEBU /usr/bin/tmux display-message -p #{socket_path}
2025/03/26 18:45:57 DEBU /usr/bin/tmux display-message -p #{socket_path}
2025/03/26 18:45:57 DEBU /usr/bin/tmux display-message -p #{socket_path}
2025/03/26 18:45:57 DEBU /usr/bin/tmux display-message -p #{socket_path}
2025/03/26 18:45:57 DEBU /usr/bin/tmux display-message -p #{socket_path}
2025/03/26 18:45:57 DEBU /usr/bin/tmux display-message -p #{socket_path}
2025/03/26 18:45:57 DEBU /usr/bin/tmux -S /tmp/tmux-1000/default display-message -t %11 -p -F #{pane_index}
2025/03/26 18:45:57 DEBU /usr/bin/tmux display-message -p #{socket_path}
2025/03/26 18:45:57 DEBU /usr/bin/tmux -S /tmp/tmux-1000/default display-message -t %13 -p -F #{pane_index}
2025/03/26 18:45:57 DEBU /usr/bin/tmux -S /tmp/tmux-1000/default display-message -t %12 -p -F #{pane_index}
2025/03/26 18:45:57 DEBU /usr/bin/tmux -S /tmp/tmux-1000/default display-message -t %17 -p -F #{pane_index}
2025/03/26 18:45:57 DEBU /usr/bin/tmux -S /tmp/tmux-1000/default display-message -t %2 -p -F #{pane_index}
2025/03/26 18:45:57 DEBU /usr/bin/tmux -S /tmp/tmux-1000/default display-message -t %14 -p -F #{pane_index}
2025/03/26 18:45:57 DEBU /usr/bin/tmux -S /tmp/tmux-1000/default display-message -t %0 -p -F #{pane_index}
2025/03/26 18:45:57 DEBU /usr/bin/tmux -S /tmp/tmux-1000/default display-message -t %8 -p -F #{pane_index}
2025/03/26 18:45:57 DEBU /usr/bin/tmux -S /tmp/tmux-1000/default display-message -t %10 -p -F #{pane_index}
2025/03/26 18:45:57 DEBU /usr/bin/tmux -S /tmp/tmux-1000/default display-message -t %4 -p -F #{pane_index}
2025/03/26 18:45:57 DEBU /usr/bin/tmux display-message -p #{socket_path}
2025/03/26 18:45:57 DEBU /usr/bin/tmux -S /tmp/tmux-1000/default display-message -t %21 -p -F #{pane_index}
2025/03/26 18:45:57 DEBU /usr/bin/tmux display-message -p #{socket_path}
2025/03/26 18:45:57 DEBU /usr/bin/tmux display-message -p #{socket_path}
2025/03/26 18:45:57 DEBU /usr/bin/tmux display-message -p #{socket_path}
2025/03/26 18:45:57 DEBU /usr/bin/tmux display-message -p #{socket_path}
2025/03/26 18:45:57 DEBU /usr/bin/tmux display-message -p #{socket_path}
2025/03/26 18:45:57 DEBU /usr/bin/tmux display-message -p #{socket_path}
2025/03/26 18:45:57 DEBU /usr/bin/tmux display-message -p #{socket_path}
2025/03/26 18:45:57 DEBU /usr/bin/tmux display-message -p #{socket_path}
2025/03/26 18:45:57 DEBU /usr/bin/tmux display-message -p #{socket_path}
2025/03/26 18:45:57 DEBU /usr/bin/tmux -S /tmp/tmux-1000/default display-message -t %11 -p #{pane_pid}
2025/03/26 18:45:57 DEBU /usr/bin/tmux display-message -p #{socket_path}
2025/03/26 18:45:57 DEBU /usr/bin/tmux -S /tmp/tmux-1000/default display-message -t %12 -p #{pane_pid}
2025/03/26 18:45:57 DEBU /usr/bin/tmux -S /tmp/tmux-1000/default display-message -t %13 -p #{pane_pid}
2025/03/26 18:45:57 DEBU /usr/bin/tmux -S /tmp/tmux-1000/default display-message -t %17 -p #{pane_pid}
2025/03/26 18:45:57 DEBU /usr/bin/tmux -S /tmp/tmux-1000/default display-message -t %2 -p #{pane_pid}
2025/03/26 18:45:57 DEBU /usr/bin/tmux -S /tmp/tmux-1000/default display-message -t %0 -p #{pane_pid}
2025/03/26 18:45:57 DEBU /usr/bin/tmux -S /tmp/tmux-1000/default display-message -t %14 -p #{pane_pid}
2025/03/26 18:45:57 DEBU /usr/bin/tmux -S /tmp/tmux-1000/default display-message -t %8 -p #{pane_pid}
2025/03/26 18:45:57 DEBU /usr/bin/tmux -S /tmp/tmux-1000/default display-message -t %10 -p #{pane_pid}
2025/03/26 18:45:57 DEBU /usr/bin/tmux -S /tmp/tmux-1000/default display-message -t %4 -p #{pane_pid}
2025/03/26 18:45:57 DEBU finding command pid=1571861
2025/03/26 18:45:57 DEBU finding command pid=1571974
2025/03/26 18:45:57 DEBU /usr/bin/tmux -S /tmp/tmux-1000/default display-message -t %21 -p #{pane_pid}
2025/03/26 18:45:57 DEBU finding command pid=1572093
2025/03/26 18:45:57 DEBU finding command pid=1572323
2025/03/26 18:45:57 DEBU finding command pid=1571327
2025/03/26 18:45:57 DEBU finding command pid=1572184
2025/03/26 18:45:57 DEBU finding command pid=1571209
2025/03/26 18:45:57 DEBU finding command pid=1571631
2025/03/26 18:45:57 DEBU finding command pid=1571747
2025/03/26 18:45:57 DEBU finding command pid=1571446
2025/03/26 18:45:57 DEBU finding command pid=341891
2025/03/26 18:45:57 DEBU /usr/bin/tmux display-message -p #{socket_path}
2025/03/26 18:45:57 DEBU /usr/bin/tmux display-message -p #{socket_path}
2025/03/26 18:45:57 DEBU /usr/bin/tmux display-message -p #{socket_path}
2025/03/26 18:45:57 DEBU /usr/bin/tmux display-message -p #{socket_path}
2025/03/26 18:45:57 DEBU /usr/bin/tmux display-message -p #{socket_path}
2025/03/26 18:45:57 DEBU /usr/bin/tmux display-message -p #{socket_path}
2025/03/26 18:45:57 DEBU /usr/bin/tmux display-message -p #{socket_path}
2025/03/26 18:45:57 DEBU /usr/bin/tmux display-message -p #{socket_path}
2025/03/26 18:45:57 DEBU /usr/bin/tmux display-message -p #{socket_path}
2025/03/26 18:45:57 DEBU /usr/bin/tmux display-message -p #{socket_path}
2025/03/26 18:45:57 DEBU /usr/bin/tmux display-message -p #{socket_path}
2025/03/26 18:45:57 DEBU /usr/bin/tmux -S /tmp/tmux-1000/default display-message -t %8 -p -F #{pane_current_path}
2025/03/26 18:45:57 DEBU /usr/bin/tmux -S /tmp/tmux-1000/default display-message -t %10 -p -F #{pane_current_path}
2025/03/26 18:45:57 DEBU /usr/bin/tmux -S /tmp/tmux-1000/default display-message -t %4 -p -F #{pane_current_path}
2025/03/26 18:45:57 DEBU /usr/bin/tmux -S /tmp/tmux-1000/default display-message -t %17 -p -F #{pane_current_path}
2025/03/26 18:45:57 DEBU /usr/bin/tmux -S /tmp/tmux-1000/default display-message -t %13 -p -F #{pane_current_path}
2025/03/26 18:45:57 DEBU /usr/bin/tmux -S /tmp/tmux-1000/default display-message -t %2 -p -F #{pane_current_path}
2025/03/26 18:45:57 DEBU /usr/bin/tmux -S /tmp/tmux-1000/default display-message -t %0 -p -F #{pane_current_path}
2025/03/26 18:45:57 DEBU /usr/bin/tmux -S /tmp/tmux-1000/default display-message -t %12 -p -F #{pane_current_path}
2025/03/26 18:45:57 DEBU /usr/bin/tmux -S /tmp/tmux-1000/default display-message -t %14 -p -F #{pane_current_path}
2025/03/26 18:45:57 DEBU /usr/bin/tmux -S /tmp/tmux-1000/default display-message -t %21 -p -F #{pane_current_path}
2025/03/26 18:45:57 DEBU /usr/bin/tmux -S /tmp/tmux-1000/default display-message -t %11 -p -F #{pane_current_path}
2025/03/26 18:45:57 DEBU /usr/bin/tmux display-message -p #{socket_path}
2025/03/26 18:45:57 DEBU /usr/bin/tmux display-message -p #{socket_path}
2025/03/26 18:45:57 DEBU /usr/bin/tmux display-message -p #{socket_path}
2025/03/26 18:45:57 DEBU /usr/bin/tmux display-message -p #{socket_path}
2025/03/26 18:45:57 DEBU /usr/bin/tmux display-message -p #{socket_path}
2025/03/26 18:45:57 DEBU /usr/bin/tmux -S /tmp/tmux-1000/default display-message -t %9 -p -F #{pane_index}
2025/03/26 18:45:57 DEBU /usr/bin/tmux -S /tmp/tmux-1000/default display-message -t %23 -p -F #{pane_index}
2025/03/26 18:45:57 DEBU /usr/bin/tmux -S /tmp/tmux-1000/default display-message -t %3 -p -F #{pane_index}
2025/03/26 18:45:57 DEBU /usr/bin/tmux -S /tmp/tmux-1000/default display-message -t %15 -p -F #{pane_index}
2025/03/26 18:45:57 DEBU /usr/bin/tmux -S /tmp/tmux-1000/default display-message -t %1 -p -F #{pane_index}
2025/03/26 18:45:57 DEBU /usr/bin/tmux display-message -p #{socket_path}
2025/03/26 18:45:57 DEBU /usr/bin/tmux display-message -p #{socket_path}
2025/03/26 18:45:57 DEBU /usr/bin/tmux display-message -p #{socket_path}
2025/03/26 18:45:57 DEBU /usr/bin/tmux display-message -p #{socket_path}
2025/03/26 18:45:57 DEBU /usr/bin/tmux display-message -p #{socket_path}
2025/03/26 18:45:57 DEBU /usr/bin/tmux -S /tmp/tmux-1000/default display-message -t %23 -p #{pane_pid}
2025/03/26 18:45:57 DEBU /usr/bin/tmux -S /tmp/tmux-1000/default display-message -t %9 -p #{pane_pid}
2025/03/26 18:45:57 DEBU /usr/bin/tmux -S /tmp/tmux-1000/default display-message -t %15 -p #{pane_pid}
2025/03/26 18:45:57 DEBU /usr/bin/tmux -S /tmp/tmux-1000/default display-message -t %3 -p #{pane_pid}
2025/03/26 18:45:57 DEBU /usr/bin/tmux -S /tmp/tmux-1000/default display-message -t %1 -p #{pane_pid}
2025/03/26 18:45:57 DEBU finding command pid=1571664
2025/03/26 18:45:57 DEBU finding command pid=1012518
2025/03/26 18:45:57 DEBU finding command pid=1571238
2025/03/26 18:45:57 DEBU finding command pid=1572216
2025/03/26 18:45:57 DEBU finding command pid=1571367
2025/03/26 18:45:57 DEBU /usr/bin/tmux display-message -p #{socket_path}
2025/03/26 18:45:57 DEBU /usr/bin/tmux display-message -p #{socket_path}
2025/03/26 18:45:57 DEBU /usr/bin/tmux display-message -p #{socket_path}
2025/03/26 18:45:57 DEBU /usr/bin/tmux display-message -p #{socket_path}
2025/03/26 18:45:57 DEBU /usr/bin/tmux display-message -p #{socket_path}
2025/03/26 18:45:57 DEBU /usr/bin/tmux -S /tmp/tmux-1000/default display-message -t %9 -p -F #{pane_current_path}
2025/03/26 18:45:57 DEBU /usr/bin/tmux -S /tmp/tmux-1000/default display-message -t %1 -p -F #{pane_current_path}
2025/03/26 18:45:57 DEBU /usr/bin/tmux -S /tmp/tmux-1000/default display-message -t %23 -p -F #{pane_current_path}
2025/03/26 18:45:57 DEBU /usr/bin/tmux -S /tmp/tmux-1000/default display-message -t %3 -p -F #{pane_current_path}
2025/03/26 18:45:57 DEBU /usr/bin/tmux -S /tmp/tmux-1000/default display-message -t %15 -p -F #{pane_current_path}
2025/03/26 18:45:57 DEBU /usr/bin/tmux display-message -p #{socket_path}
2025/03/26 18:45:57 DEBU /usr/bin/tmux display-message -p #{socket_path}
2025/03/26 18:45:57 DEBU /usr/bin/tmux -S /tmp/tmux-1000/default display-message -t %16 -p -F #{pane_index}
2025/03/26 18:45:57 DEBU /usr/bin/tmux -S /tmp/tmux-1000/default display-message -t %24 -p -F #{pane_index}
2025/03/26 18:45:57 DEBU /usr/bin/tmux display-message -p #{socket_path}
2025/03/26 18:45:57 DEBU /usr/bin/tmux display-message -p #{socket_path}
2025/03/26 18:45:57 DEBU /usr/bin/tmux -S /tmp/tmux-1000/default display-message -t %16 -p #{pane_pid}
2025/03/26 18:45:57 DEBU /usr/bin/tmux -S /tmp/tmux-1000/default display-message -t %24 -p #{pane_pid}
2025/03/26 18:45:57 DEBU finding command pid=1572240
2025/03/26 18:45:57 DEBU finding command pid=3822572
2025/03/26 18:45:57 DEBU /usr/bin/tmux display-message -p #{socket_path}
2025/03/26 18:45:57 DEBU /usr/bin/tmux display-message -p #{socket_path}
2025/03/26 18:45:57 DEBU /usr/bin/tmux -S /tmp/tmux-1000/default display-message -t %24 -p -F #{pane_current_path}
2025/03/26 18:45:57 DEBU /usr/bin/tmux -S /tmp/tmux-1000/default display-message -t %16 -p -F #{pane_current_path}
2025/03/26 18:45:57 DEBU /usr/bin/tmux display-message -p #{socket_path}
2025/03/26 18:45:57 DEBU /usr/bin/tmux -S /tmp/tmux-1000/default list-sessions -F #{session_name},#{session_windows},#{session_created},#{session_attached},#{session_group},#{session_path}
2025/03/26 18:45:57 DEBU /usr/bin/tmux display-message -p #{socket_path}
2025/03/26 18:45:57 DEBU /usr/bin/tmux display-message -p #{socket_path}
2025/03/26 18:45:57 DEBU /usr/bin/tmux display-message -p #{socket_path}
2025/03/26 18:45:57 DEBU /usr/bin/tmux display-message -p #{socket_path}
2025/03/26 18:45:57 DEBU /usr/bin/tmux display-message -p #{socket_path}
2025/03/26 18:45:57 DEBU /usr/bin/tmux display-message -p #{socket_path}
2025/03/26 18:45:57 DEBU /usr/bin/tmux display-message -p #{socket_path}
2025/03/26 18:45:57 DEBU /usr/bin/tmux -S /tmp/tmux-1000/default list-windows -t workload-clusters-fleet -F #{window_index},#{window_flags},#{window_name},#{window_active},#{window_panes}
2025/03/26 18:45:57 DEBU /usr/bin/tmux -S /tmp/tmux-1000/default list-windows -t bubbletea -F #{window_index},#{window_flags},#{window_name},#{window_active},#{window_panes}
2025/03/26 18:45:57 DEBU /usr/bin/tmux -S /tmp/tmux-1000/default list-windows -t weave-gitops -F #{window_index},#{window_flags},#{window_name},#{window_active},#{window_panes}
2025/03/26 18:45:57 DEBU /usr/bin/tmux -S /tmp/tmux-1000/default list-windows -t default -F #{window_index},#{window_flags},#{window_name},#{window_active},#{window_panes}
2025/03/26 18:45:57 DEBU /usr/bin/tmux -S /tmp/tmux-1000/default list-windows -t test -F #{window_index},#{window_flags},#{window_name},#{window_active},#{window_panes}
2025/03/26 18:45:57 DEBU /usr/bin/tmux -S /tmp/tmux-1000/default list-windows -t giantswarm-management-clusters -F #{window_index},#{window_flags},#{window_name},#{window_active},#{window_panes}
2025/03/26 18:45:57 DEBU /usr/bin/tmux -S /tmp/tmux-1000/default list-windows -t circleci-exporter -F #{window_index},#{window_flags},#{window_name},#{window_active},#{window_panes}
2025/03/26 18:45:57 DEBU /usr/bin/tmux display-message -p #{socket_path}
2025/03/26 18:45:57 DEBU /usr/bin/tmux display-message -p #{socket_path}
2025/03/26 18:45:57 DEBU /usr/bin/tmux display-message -p #{socket_path}
2025/03/26 18:45:57 DEBU /usr/bin/tmux display-message -p #{socket_path}
2025/03/26 18:45:57 DEBU /usr/bin/tmux display-message -p #{socket_path}
2025/03/26 18:45:57 DEBU /usr/bin/tmux display-message -p #{socket_path}
2025/03/26 18:45:57 DEBU /usr/bin/tmux display-message -p #{socket_path}
2025/03/26 18:45:57 DEBU /usr/bin/tmux display-message -p #{socket_path}
2025/03/26 18:45:57 DEBU /usr/bin/tmux display-message -p #{socket_path}
2025/03/26 18:45:57 DEBU /usr/bin/tmux display-message -p #{socket_path}
2025/03/26 18:45:57 DEBU /usr/bin/tmux display-message -p #{socket_path}
2025/03/26 18:45:57 DEBU /usr/bin/tmux -S /tmp/tmux-1000/default display-message -p -t workload-clusters-fleet:1 #{window_layout}
2025/03/26 18:45:57 DEBU /usr/bin/tmux -S /tmp/tmux-1000/default display-message -p -t default:2 #{window_layout}
2025/03/26 18:45:57 DEBU /usr/bin/tmux -S /tmp/tmux-1000/default display-message -p -t default:5 #{window_layout}
2025/03/26 18:45:57 DEBU /usr/bin/tmux -S /tmp/tmux-1000/default display-message -p -t default:4 #{window_layout}
2025/03/26 18:45:57 DEBU /usr/bin/tmux -S /tmp/tmux-1000/default display-message -p -t default:1 #{window_layout}
2025/03/26 18:45:57 DEBU /usr/bin/tmux -S /tmp/tmux-1000/default display-message -p -t default:3 #{window_layout}
2025/03/26 18:45:57 DEBU /usr/bin/tmux -S /tmp/tmux-1000/default display-message -p -t weave-gitops:1 #{window_layout}
2025/03/26 18:45:57 DEBU /usr/bin/tmux -S /tmp/tmux-1000/default display-message -p -t bubbletea:1 #{window_layout}
2025/03/26 18:45:57 DEBU /usr/bin/tmux -S /tmp/tmux-1000/default display-message -p -t giantswarm-management-clusters:1 #{window_layout}
2025/03/26 18:45:57 DEBU /usr/bin/tmux -S /tmp/tmux-1000/default display-message -p -t test:1 #{window_layout}
2025/03/26 18:45:57 DEBU /usr/bin/tmux -S /tmp/tmux-1000/default display-message -p -t circleci-exporter:1 #{window_layout}
2025/03/26 18:45:57 DEBU /usr/bin/tmux display-message -p #{socket_path}
2025/03/26 18:45:57 DEBU /usr/bin/tmux display-message -p #{socket_path}
2025/03/26 18:45:57 DEBU /usr/bin/tmux display-message -p #{socket_path}
2025/03/26 18:45:57 DEBU /usr/bin/tmux display-message -p #{socket_path}
2025/03/26 18:45:57 DEBU /usr/bin/tmux display-message -p #{socket_path}
2025/03/26 18:45:57 DEBU /usr/bin/tmux display-message -p #{socket_path}
2025/03/26 18:45:57 DEBU /usr/bin/tmux display-message -p #{socket_path}
2025/03/26 18:45:57 DEBU /usr/bin/tmux display-message -p #{socket_path}
2025/03/26 18:45:57 DEBU /usr/bin/tmux display-message -p #{socket_path}
2025/03/26 18:45:57 DEBU /usr/bin/tmux display-message -p #{socket_path}
2025/03/26 18:45:57 DEBU /usr/bin/tmux -S /tmp/tmux-1000/default display-message -t %17 -p -F #{pane_index}
2025/03/26 18:45:57 DEBU /usr/bin/tmux display-message -p #{socket_path}
2025/03/26 18:45:57 DEBU /usr/bin/tmux -S /tmp/tmux-1000/default display-message -t %21 -p -F #{pane_index}
2025/03/26 18:45:57 DEBU /usr/bin/tmux -S /tmp/tmux-1000/default display-message -t %4 -p -F #{pane_index}
2025/03/26 18:45:57 DEBU /usr/bin/tmux -S /tmp/tmux-1000/default display-message -t %2 -p -F #{pane_index}
2025/03/26 18:45:57 DEBU /usr/bin/tmux -S /tmp/tmux-1000/default display-message -t %10 -p -F #{pane_index}
2025/03/26 18:45:57 DEBU /usr/bin/tmux -S /tmp/tmux-1000/default display-message -t %8 -p -F #{pane_index}
2025/03/26 18:45:57 DEBU /usr/bin/tmux -S /tmp/tmux-1000/default display-message -t %14 -p -F #{pane_index}
2025/03/26 18:45:57 DEBU /usr/bin/tmux -S /tmp/tmux-1000/default display-message -t %0 -p -F #{pane_index}
2025/03/26 18:45:57 DEBU /usr/bin/tmux -S /tmp/tmux-1000/default display-message -t %11 -p -F #{pane_index}
2025/03/26 18:45:57 DEBU /usr/bin/tmux -S /tmp/tmux-1000/default display-message -t %12 -p -F #{pane_index}
2025/03/26 18:45:57 DEBU /usr/bin/tmux display-message -p #{socket_path}
2025/03/26 18:45:57 DEBU /usr/bin/tmux -S /tmp/tmux-1000/default display-message -t %13 -p -F #{pane_index}
2025/03/26 18:45:57 DEBU /usr/bin/tmux display-message -p #{socket_path}
2025/03/26 18:45:57 DEBU /usr/bin/tmux display-message -p #{socket_path}
2025/03/26 18:45:57 DEBU /usr/bin/tmux display-message -p #{socket_path}
2025/03/26 18:45:57 DEBU /usr/bin/tmux display-message -p #{socket_path}
2025/03/26 18:45:57 DEBU /usr/bin/tmux display-message -p #{socket_path}
2025/03/26 18:45:57 DEBU /usr/bin/tmux display-message -p #{socket_path}
2025/03/26 18:45:57 DEBU /usr/bin/tmux display-message -p #{socket_path}
2025/03/26 18:45:57 DEBU /usr/bin/tmux display-message -p #{socket_path}
2025/03/26 18:45:57 DEBU /usr/bin/tmux -S /tmp/tmux-1000/default display-message -t %17 -p #{pane_pid}
2025/03/26 18:45:57 DEBU /usr/bin/tmux display-message -p #{socket_path}
2025/03/26 18:45:57 DEBU /usr/bin/tmux display-message -p #{socket_path}
2025/03/26 18:45:57 DEBU /usr/bin/tmux -S /tmp/tmux-1000/default display-message -t %21 -p #{pane_pid}
2025/03/26 18:45:57 DEBU /usr/bin/tmux -S /tmp/tmux-1000/default display-message -t %4 -p #{pane_pid}
2025/03/26 18:45:57 DEBU /usr/bin/tmux -S /tmp/tmux-1000/default display-message -t %2 -p #{pane_pid}
2025/03/26 18:45:57 DEBU /usr/bin/tmux -S /tmp/tmux-1000/default display-message -t %10 -p #{pane_pid}
2025/03/26 18:45:57 DEBU /usr/bin/tmux -S /tmp/tmux-1000/default display-message -t %8 -p #{pane_pid}
2025/03/26 18:45:57 DEBU /usr/bin/tmux -S /tmp/tmux-1000/default display-message -t %0 -p #{pane_pid}
2025/03/26 18:45:57 DEBU /usr/bin/tmux -S /tmp/tmux-1000/default display-message -t %14 -p #{pane_pid}
2025/03/26 18:45:57 DEBU /usr/bin/tmux -S /tmp/tmux-1000/default display-message -t %11 -p #{pane_pid}
2025/03/26 18:45:57 DEBU finding command pid=1572323
2025/03/26 18:45:57 DEBU /usr/bin/tmux -S /tmp/tmux-1000/default display-message -t %13 -p #{pane_pid}
2025/03/26 18:45:57 DEBU /usr/bin/tmux -S /tmp/tmux-1000/default display-message -t %12 -p #{pane_pid}
2025/03/26 18:45:57 DEBU finding command pid=341891
2025/03/26 18:45:57 DEBU finding command pid=1571747
2025/03/26 18:45:57 DEBU finding command pid=1571446
2025/03/26 18:45:57 DEBU finding command pid=1571327
2025/03/26 18:45:57 DEBU finding command pid=1571631
2025/03/26 18:45:57 DEBU finding command pid=1571209
2025/03/26 18:45:57 DEBU finding command pid=1571861
2025/03/26 18:45:57 DEBU finding command pid=1572184
2025/03/26 18:45:57 DEBU finding command pid=1572093
2025/03/26 18:45:57 DEBU finding command pid=1571974
2025/03/26 18:45:57 DEBU /usr/bin/tmux display-message -p #{socket_path}
2025/03/26 18:45:57 DEBU /usr/bin/tmux display-message -p #{socket_path}
2025/03/26 18:45:57 DEBU /usr/bin/tmux display-message -p #{socket_path}
2025/03/26 18:45:57 DEBU /usr/bin/tmux display-message -p #{socket_path}
2025/03/26 18:45:57 DEBU /usr/bin/tmux display-message -p #{socket_path}
2025/03/26 18:45:57 DEBU /usr/bin/tmux display-message -p #{socket_path}
2025/03/26 18:45:57 DEBU /usr/bin/tmux display-message -p #{socket_path}
2025/03/26 18:45:57 DEBU /usr/bin/tmux display-message -p #{socket_path}
2025/03/26 18:45:57 DEBU /usr/bin/tmux display-message -p #{socket_path}
2025/03/26 18:45:57 DEBU /usr/bin/tmux display-message -p #{socket_path}
2025/03/26 18:45:57 DEBU /usr/bin/tmux display-message -p #{socket_path}
2025/03/26 18:45:57 DEBU /usr/bin/tmux -S /tmp/tmux-1000/default display-message -t %17 -p -F #{pane_current_path}
2025/03/26 18:45:57 DEBU /usr/bin/tmux -S /tmp/tmux-1000/default display-message -t %2 -p -F #{pane_current_path}
2025/03/26 18:45:57 DEBU /usr/bin/tmux -S /tmp/tmux-1000/default display-message -t %12 -p -F #{pane_current_path}
2025/03/26 18:45:57 DEBU /usr/bin/tmux -S /tmp/tmux-1000/default display-message -t %21 -p -F #{pane_current_path}
2025/03/26 18:45:57 DEBU /usr/bin/tmux -S /tmp/tmux-1000/default display-message -t %4 -p -F #{pane_current_path}
2025/03/26 18:45:57 DEBU /usr/bin/tmux -S /tmp/tmux-1000/default display-message -t %10 -p -F #{pane_current_path}
2025/03/26 18:45:57 DEBU /usr/bin/tmux -S /tmp/tmux-1000/default display-message -t %11 -p -F #{pane_current_path}
2025/03/26 18:45:57 DEBU /usr/bin/tmux -S /tmp/tmux-1000/default display-message -t %8 -p -F #{pane_current_path}
2025/03/26 18:45:57 DEBU /usr/bin/tmux -S /tmp/tmux-1000/default display-message -t %14 -p -F #{pane_current_path}
2025/03/26 18:45:57 DEBU /usr/bin/tmux -S /tmp/tmux-1000/default display-message -t %0 -p -F #{pane_current_path}
2025/03/26 18:45:57 DEBU /usr/bin/tmux -S /tmp/tmux-1000/default display-message -t %13 -p -F #{pane_current_path}
2025/03/26 18:45:57 DEBU /usr/bin/tmux display-message -p #{socket_path}
2025/03/26 18:45:57 DEBU /usr/bin/tmux display-message -p #{socket_path}
2025/03/26 18:45:57 DEBU /usr/bin/tmux display-message -p #{socket_path}
2025/03/26 18:45:57 DEBU /usr/bin/tmux display-message -p #{socket_path}
2025/03/26 18:45:57 DEBU /usr/bin/tmux display-message -p #{socket_path}
2025/03/26 18:45:57 DEBU /usr/bin/tmux -S /tmp/tmux-1000/default display-message -t %3 -p -F #{pane_index}
2025/03/26 18:45:57 DEBU /usr/bin/tmux -S /tmp/tmux-1000/default display-message -t %23 -p -F #{pane_index}
2025/03/26 18:45:57 DEBU /usr/bin/tmux -S /tmp/tmux-1000/default display-message -t %9 -p -F #{pane_index}
2025/03/26 18:45:57 DEBU /usr/bin/tmux -S /tmp/tmux-1000/default display-message -t %15 -p -F #{pane_index}
2025/03/26 18:45:57 DEBU /usr/bin/tmux -S /tmp/tmux-1000/default display-message -t %1 -p -F #{pane_index}
2025/03/26 18:45:57 DEBU /usr/bin/tmux display-message -p #{socket_path}
2025/03/26 18:45:57 DEBU /usr/bin/tmux display-message -p #{socket_path}
2025/03/26 18:45:57 DEBU /usr/bin/tmux display-message -p #{socket_path}
2025/03/26 18:45:57 DEBU /usr/bin/tmux display-message -p #{socket_path}
2025/03/26 18:45:57 DEBU /usr/bin/tmux display-message -p #{socket_path}
2025/03/26 18:45:57 DEBU /usr/bin/tmux -S /tmp/tmux-1000/default display-message -t %3 -p #{pane_pid}
2025/03/26 18:45:57 DEBU /usr/bin/tmux -S /tmp/tmux-1000/default display-message -t %23 -p #{pane_pid}
2025/03/26 18:45:57 DEBU /usr/bin/tmux -S /tmp/tmux-1000/default display-message -t %9 -p #{pane_pid}
2025/03/26 18:45:57 DEBU /usr/bin/tmux -S /tmp/tmux-1000/default display-message -t %1 -p #{pane_pid}
2025/03/26 18:45:57 DEBU /usr/bin/tmux -S /tmp/tmux-1000/default display-message -t %15 -p #{pane_pid}
2025/03/26 18:45:57 DEBU finding command pid=1571367
2025/03/26 18:45:57 DEBU finding command pid=1012518
2025/03/26 18:45:57 DEBU finding command pid=1571664
2025/03/26 18:45:57 DEBU finding command pid=1571238
2025/03/26 18:45:57 DEBU finding command pid=1572216
2025/03/26 18:45:57 DEBU /usr/bin/tmux display-message -p #{socket_path}
2025/03/26 18:45:57 DEBU /usr/bin/tmux display-message -p #{socket_path}
2025/03/26 18:45:57 DEBU /usr/bin/tmux display-message -p #{socket_path}
2025/03/26 18:45:57 DEBU /usr/bin/tmux display-message -p #{socket_path}
2025/03/26 18:45:57 DEBU /usr/bin/tmux display-message -p #{socket_path}
2025/03/26 18:45:57 DEBU /usr/bin/tmux -S /tmp/tmux-1000/default display-message -t %3 -p -F #{pane_current_path}
2025/03/26 18:45:57 DEBU /usr/bin/tmux -S /tmp/tmux-1000/default display-message -t %15 -p -F #{pane_current_path}
2025/03/26 18:45:57 DEBU /usr/bin/tmux -S /tmp/tmux-1000/default display-message -t %9 -p -F #{pane_current_path}
2025/03/26 18:45:57 DEBU /usr/bin/tmux -S /tmp/tmux-1000/default display-message -t %23 -p -F #{pane_current_path}
2025/03/26 18:45:57 DEBU /usr/bin/tmux -S /tmp/tmux-1000/default display-message -t %1 -p -F #{pane_current_path}
2025/03/26 18:45:57 DEBU /usr/bin/tmux display-message -p #{socket_path}
2025/03/26 18:45:57 DEBU /usr/bin/tmux display-message -p #{socket_path}
2025/03/26 18:45:57 DEBU /usr/bin/tmux -S /tmp/tmux-1000/default display-message -t %24 -p -F #{pane_index}
2025/03/26 18:45:57 DEBU /usr/bin/tmux -S /tmp/tmux-1000/default display-message -t %16 -p -F #{pane_index}
2025/03/26 18:45:57 DEBU /usr/bin/tmux display-message -p #{socket_path}
2025/03/26 18:45:57 DEBU /usr/bin/tmux display-message -p #{socket_path}
2025/03/26 18:45:57 DEBU /usr/bin/tmux -S /tmp/tmux-1000/default display-message -t %24 -p #{pane_pid}
2025/03/26 18:45:57 DEBU /usr/bin/tmux -S /tmp/tmux-1000/default display-message -t %16 -p #{pane_pid}
2025/03/26 18:45:57 DEBU finding command pid=3822572
2025/03/26 18:45:57 DEBU finding command pid=1572240
2025/03/26 18:45:57 DEBU /usr/bin/tmux display-message -p #{socket_path}
2025/03/26 18:45:57 DEBU /usr/bin/tmux display-message -p #{socket_path}
2025/03/26 18:45:57 DEBU /usr/bin/tmux -S /tmp/tmux-1000/default display-message -t %24 -p -F #{pane_current_path}
2025/03/26 18:45:57 DEBU /usr/bin/tmux -S /tmp/tmux-1000/default display-message -t %16 -p -F #{pane_current_path}
2025/03/26 18:45:57 DEBU preview size(s) 0=-2 0=-4
2025/03/26 18:45:57 DEBU /usr/bin/tmux display-message -p #{socket_path}
2025/03/26 18:45:57 DEBU /usr/bin/tmux -S /tmp/tmux-1000/default capture-pane -ep -t %2
2025/03/26 18:45:57 DEBU /usr/bin/tmux display-message -p #{socket_path}
2025/03/26 18:45:57 DEBU /usr/bin/tmux -S /tmp/tmux-1000/default capture-pane -ep -t %3
2025/03/26 18:45:57 DEBU /usr/bin/tmux display-message -p #{socket_path}
2025/03/26 18:45:57 DEBU /usr/bin/tmux -S /tmp/tmux-1000/default capture-pane -ep -t %24
2025/03/26 18:45:57 DEBU /usr/bin/tmux display-message -p #{socket_path}
2025/03/26 18:45:57 DEBU /usr/bin/tmux -S /tmp/tmux-1000/default list-sessions -F #{session_name},#{session_windows},#{session_created},#{session_attached},#{session_group},#{session_path}
2025/03/26 18:45:57 DEBU /usr/bin/tmux display-message -p #{socket_path}
2025/03/26 18:45:57 DEBU /usr/bin/tmux display-message -p #{socket_path}
2025/03/26 18:45:57 DEBU /usr/bin/tmux display-message -p #{socket_path}
2025/03/26 18:45:57 DEBU /usr/bin/tmux display-message -p #{socket_path}
2025/03/26 18:45:57 DEBU /usr/bin/tmux display-message -p #{socket_path}
2025/03/26 18:45:57 DEBU /usr/bin/tmux display-message -p #{socket_path}
2025/03/26 18:45:57 DEBU /usr/bin/tmux display-message -p #{socket_path}
2025/03/26 18:45:57 DEBU /usr/bin/tmux -S /tmp/tmux-1000/default list-windows -t default -F #{window_index},#{window_flags},#{window_name},#{window_active},#{window_panes}
2025/03/26 18:45:57 DEBU /usr/bin/tmux -S /tmp/tmux-1000/default list-windows -t circleci-exporter -F #{window_index},#{window_flags},#{window_name},#{window_active},#{window_panes}
2025/03/26 18:45:57 DEBU /usr/bin/tmux -S /tmp/tmux-1000/default list-windows -t bubbletea -F #{window_index},#{window_flags},#{window_name},#{window_active},#{window_panes}
2025/03/26 18:45:57 DEBU /usr/bin/tmux -S /tmp/tmux-1000/default list-windows -t workload-clusters-fleet -F #{window_index},#{window_flags},#{window_name},#{window_active},#{window_panes}
2025/03/26 18:45:57 DEBU /usr/bin/tmux -S /tmp/tmux-1000/default list-windows -t test -F #{window_index},#{window_flags},#{window_name},#{window_active},#{window_panes}
2025/03/26 18:45:57 DEBU /usr/bin/tmux -S /tmp/tmux-1000/default list-windows -t weave-gitops -F #{window_index},#{window_flags},#{window_name},#{window_active},#{window_panes}
2025/03/26 18:45:57 DEBU /usr/bin/tmux -S /tmp/tmux-1000/default list-windows -t giantswarm-management-clusters -F #{window_index},#{window_flags},#{window_name},#{window_active},#{window_panes}
2025/03/26 18:45:57 DEBU /usr/bin/tmux display-message -p #{socket_path}
2025/03/26 18:45:57 DEBU /usr/bin/tmux display-message -p #{socket_path}
2025/03/26 18:45:57 DEBU /usr/bin/tmux display-message -p #{socket_path}
2025/03/26 18:45:57 DEBU /usr/bin/tmux display-message -p #{socket_path}
2025/03/26 18:45:57 DEBU /usr/bin/tmux display-message -p #{socket_path}
2025/03/26 18:45:57 DEBU /usr/bin/tmux display-message -p #{socket_path}
2025/03/26 18:45:57 DEBU /usr/bin/tmux display-message -p #{socket_path}
2025/03/26 18:45:57 DEBU /usr/bin/tmux display-message -p #{socket_path}
2025/03/26 18:45:57 DEBU /usr/bin/tmux display-message -p #{socket_path}
2025/03/26 18:45:57 DEBU /usr/bin/tmux display-message -p #{socket_path}
2025/03/26 18:45:57 DEBU /usr/bin/tmux display-message -p #{socket_path}
2025/03/26 18:45:57 DEBU /usr/bin/tmux -S /tmp/tmux-1000/default display-message -p -t default:5 #{window_layout}
2025/03/26 18:45:57 DEBU /usr/bin/tmux -S /tmp/tmux-1000/default display-message -p -t default:4 #{window_layout}
2025/03/26 18:45:57 DEBU /usr/bin/tmux -S /tmp/tmux-1000/default display-message -p -t default:2 #{window_layout}
2025/03/26 18:45:57 DEBU /usr/bin/tmux -S /tmp/tmux-1000/default display-message -p -t default:1 #{window_layout}
2025/03/26 18:45:57 DEBU /usr/bin/tmux -S /tmp/tmux-1000/default display-message -p -t bubbletea:1 #{window_layout}
2025/03/26 18:45:57 DEBU /usr/bin/tmux -S /tmp/tmux-1000/default display-message -p -t default:3 #{window_layout}
2025/03/26 18:45:57 DEBU /usr/bin/tmux -S /tmp/tmux-1000/default display-message -p -t weave-gitops:1 #{window_layout}
2025/03/26 18:45:57 DEBU /usr/bin/tmux -S /tmp/tmux-1000/default display-message -p -t workload-clusters-fleet:1 #{window_layout}
2025/03/26 18:45:57 DEBU /usr/bin/tmux -S /tmp/tmux-1000/default display-message -p -t test:1 #{window_layout}
2025/03/26 18:45:57 DEBU /usr/bin/tmux -S /tmp/tmux-1000/default display-message -p -t circleci-exporter:1 #{window_layout}
2025/03/26 18:45:57 DEBU /usr/bin/tmux -S /tmp/tmux-1000/default display-message -p -t giantswarm-management-clusters:1 #{window_layout}
2025/03/26 18:45:57 DEBU /usr/bin/tmux display-message -p #{socket_path}
2025/03/26 18:45:57 DEBU /usr/bin/tmux display-message -p #{socket_path}
2025/03/26 18:45:57 DEBU /usr/bin/tmux display-message -p #{socket_path}
2025/03/26 18:45:57 DEBU /usr/bin/tmux display-message -p #{socket_path}
2025/03/26 18:45:57 DEBU /usr/bin/tmux display-message -p #{socket_path}
2025/03/26 18:45:57 DEBU /usr/bin/tmux display-message -p #{socket_path}
2025/03/26 18:45:57 DEBU /usr/bin/tmux display-message -p #{socket_path}
2025/03/26 18:45:57 DEBU /usr/bin/tmux display-message -p #{socket_path}
2025/03/26 18:45:57 DEBU /usr/bin/tmux display-message -p #{socket_path}
2025/03/26 18:45:57 DEBU /usr/bin/tmux display-message -p #{socket_path}
2025/03/26 18:45:57 DEBU /usr/bin/tmux display-message -p #{socket_path}
2025/03/26 18:45:57 DEBU /usr/bin/tmux -S /tmp/tmux-1000/default display-message -t %10 -p -F #{pane_index}
2025/03/26 18:45:57 DEBU /usr/bin/tmux -S /tmp/tmux-1000/default display-message -t %2 -p -F #{pane_index}
2025/03/26 18:45:57 DEBU /usr/bin/tmux -S /tmp/tmux-1000/default display-message -t %4 -p -F #{pane_index}
2025/03/26 18:45:57 DEBU /usr/bin/tmux -S /tmp/tmux-1000/default display-message -t %21 -p -F #{pane_index}
2025/03/26 18:45:57 DEBU /usr/bin/tmux -S /tmp/tmux-1000/default display-message -t %14 -p -F #{pane_index}
2025/03/26 18:45:57 DEBU /usr/bin/tmux -S /tmp/tmux-1000/default display-message -t %8 -p -F #{pane_index}
2025/03/26 18:45:57 DEBU /usr/bin/tmux -S /tmp/tmux-1000/default display-message -t %0 -p -F #{pane_index}
2025/03/26 18:45:57 DEBU /usr/bin/tmux -S /tmp/tmux-1000/default display-message -t %17 -p -F #{pane_index}
2025/03/26 18:45:57 DEBU /usr/bin/tmux -S /tmp/tmux-1000/default display-message -t %11 -p -F #{pane_index}
2025/03/26 18:45:57 DEBU /usr/bin/tmux -S /tmp/tmux-1000/default display-message -t %13 -p -F #{pane_index}
2025/03/26 18:45:57 DEBU /usr/bin/tmux -S /tmp/tmux-1000/default display-message -t %12 -p -F #{pane_index}
2025/03/26 18:45:57 DEBU /usr/bin/tmux display-message -p #{socket_path}
2025/03/26 18:45:57 DEBU /usr/bin/tmux display-message -p #{socket_path}
2025/03/26 18:45:57 DEBU /usr/bin/tmux display-message -p #{socket_path}
2025/03/26 18:45:57 DEBU /usr/bin/tmux display-message -p #{socket_path}
2025/03/26 18:45:57 DEBU /usr/bin/tmux display-message -p #{socket_path}
2025/03/26 18:45:57 DEBU /usr/bin/tmux display-message -p #{socket_path}
2025/03/26 18:45:57 DEBU /usr/bin/tmux display-message -p #{socket_path}
2025/03/26 18:45:57 DEBU /usr/bin/tmux display-message -p #{socket_path}
2025/03/26 18:45:57 DEBU /usr/bin/tmux display-message -p #{socket_path}
2025/03/26 18:45:57 DEBU /usr/bin/tmux display-message -p #{socket_path}
2025/03/26 18:45:57 DEBU /usr/bin/tmux display-message -p #{socket_path}
2025/03/26 18:45:57 DEBU /usr/bin/tmux -S /tmp/tmux-1000/default display-message -t %4 -p #{pane_pid}
2025/03/26 18:45:57 DEBU /usr/bin/tmux -S /tmp/tmux-1000/default display-message -t %2 -p #{pane_pid}
2025/03/26 18:45:57 DEBU /usr/bin/tmux -S /tmp/tmux-1000/default display-message -t %21 -p #{pane_pid}
2025/03/26 18:45:57 DEBU /usr/bin/tmux -S /tmp/tmux-1000/default display-message -t %10 -p #{pane_pid}
2025/03/26 18:45:57 DEBU /usr/bin/tmux -S /tmp/tmux-1000/default display-message -t %14 -p #{pane_pid}
2025/03/26 18:45:57 DEBU /usr/bin/tmux -S /tmp/tmux-1000/default display-message -t %8 -p #{pane_pid}
2025/03/26 18:45:57 DEBU /usr/bin/tmux -S /tmp/tmux-1000/default display-message -t %17 -p #{pane_pid}
2025/03/26 18:45:57 DEBU /usr/bin/tmux -S /tmp/tmux-1000/default display-message -t %13 -p #{pane_pid}
2025/03/26 18:45:57 DEBU /usr/bin/tmux -S /tmp/tmux-1000/default display-message -t %0 -p #{pane_pid}
2025/03/26 18:45:57 DEBU /usr/bin/tmux -S /tmp/tmux-1000/default display-message -t %11 -p #{pane_pid}
2025/03/26 18:45:57 DEBU /usr/bin/tmux -S /tmp/tmux-1000/default display-message -t %12 -p #{pane_pid}
2025/03/26 18:45:57 DEBU finding command pid=1571446
2025/03/26 18:45:57 DEBU finding command pid=1571327
2025/03/26 18:45:57 DEBU finding command pid=341891
2025/03/26 18:45:57 DEBU finding command pid=1571747
2025/03/26 18:45:57 DEBU finding command pid=1572184
2025/03/26 18:45:57 DEBU finding command pid=1571631
2025/03/26 18:45:57 DEBU finding command pid=1572323
2025/03/26 18:45:57 DEBU finding command pid=1572093
2025/03/26 18:45:57 DEBU finding command pid=1571209
2025/03/26 18:45:57 DEBU finding command pid=1571974
2025/03/26 18:45:57 DEBU finding command pid=1571861
2025/03/26 18:45:58 DEBU /usr/bin/tmux display-message -p #{socket_path}
2025/03/26 18:45:58 DEBU /usr/bin/tmux display-message -p #{socket_path}
2025/03/26 18:45:58 DEBU /usr/bin/tmux display-message -p #{socket_path}
2025/03/26 18:45:58 DEBU /usr/bin/tmux display-message -p #{socket_path}
2025/03/26 18:45:58 DEBU /usr/bin/tmux display-message -p #{socket_path}
2025/03/26 18:45:58 DEBU /usr/bin/tmux display-message -p #{socket_path}
2025/03/26 18:45:58 DEBU /usr/bin/tmux display-message -p #{socket_path}
2025/03/26 18:45:58 DEBU /usr/bin/tmux display-message -p #{socket_path}
2025/03/26 18:45:58 DEBU /usr/bin/tmux display-message -p #{socket_path}
2025/03/26 18:45:58 DEBU /usr/bin/tmux display-message -p #{socket_path}
2025/03/26 18:45:58 DEBU /usr/bin/tmux display-message -p #{socket_path}
2025/03/26 18:45:58 DEBU /usr/bin/tmux -S /tmp/tmux-1000/default display-message -t %10 -p -F #{pane_current_path}
2025/03/26 18:45:58 DEBU /usr/bin/tmux -S /tmp/tmux-1000/default display-message -t %0 -p -F #{pane_current_path}
2025/03/26 18:45:58 DEBU /usr/bin/tmux -S /tmp/tmux-1000/default display-message -t %13 -p -F #{pane_current_path}
2025/03/26 18:45:58 DEBU /usr/bin/tmux -S /tmp/tmux-1000/default display-message -t %14 -p -F #{pane_current_path}
2025/03/26 18:45:58 DEBU /usr/bin/tmux -S /tmp/tmux-1000/default display-message -t %4 -p -F #{pane_current_path}
2025/03/26 18:45:58 DEBU /usr/bin/tmux -S /tmp/tmux-1000/default display-message -t %21 -p -F #{pane_current_path}
2025/03/26 18:45:58 DEBU /usr/bin/tmux -S /tmp/tmux-1000/default display-message -t %11 -p -F #{pane_current_path}
2025/03/26 18:45:58 DEBU /usr/bin/tmux -S /tmp/tmux-1000/default display-message -t %12 -p -F #{pane_current_path}
2025/03/26 18:45:58 DEBU /usr/bin/tmux -S /tmp/tmux-1000/default display-message -t %17 -p -F #{pane_current_path}
2025/03/26 18:45:58 DEBU /usr/bin/tmux -S /tmp/tmux-1000/default display-message -t %2 -p -F #{pane_current_path}
2025/03/26 18:45:58 DEBU /usr/bin/tmux -S /tmp/tmux-1000/default display-message -t %8 -p -F #{pane_current_path}
2025/03/26 18:45:58 DEBU /usr/bin/tmux display-message -p #{socket_path}
2025/03/26 18:45:58 DEBU /usr/bin/tmux display-message -p #{socket_path}
2025/03/26 18:45:58 DEBU /usr/bin/tmux display-message -p #{socket_path}
2025/03/26 18:45:58 DEBU /usr/bin/tmux display-message -p #{socket_path}
2025/03/26 18:45:58 DEBU /usr/bin/tmux display-message -p #{socket_path}
2025/03/26 18:45:58 DEBU /usr/bin/tmux -S /tmp/tmux-1000/default display-message -t %1 -p -F #{pane_index}
2025/03/26 18:45:58 DEBU /usr/bin/tmux -S /tmp/tmux-1000/default display-message -t %15 -p -F #{pane_index}
2025/03/26 18:45:58 DEBU /usr/bin/tmux -S /tmp/tmux-1000/default display-message -t %23 -p -F #{pane_index}
2025/03/26 18:45:58 DEBU /usr/bin/tmux -S /tmp/tmux-1000/default display-message -t %9 -p -F #{pane_index}
2025/03/26 18:45:58 DEBU /usr/bin/tmux -S /tmp/tmux-1000/default display-message -t %3 -p -F #{pane_index}
2025/03/26 18:45:58 DEBU /usr/bin/tmux display-message -p #{socket_path}
2025/03/26 18:45:58 DEBU /usr/bin/tmux display-message -p #{socket_path}
2025/03/26 18:45:58 DEBU /usr/bin/tmux display-message -p #{socket_path}
2025/03/26 18:45:58 DEBU /usr/bin/tmux display-message -p #{socket_path}
2025/03/26 18:45:58 DEBU /usr/bin/tmux display-message -p #{socket_path}
2025/03/26 18:45:58 DEBU /usr/bin/tmux -S /tmp/tmux-1000/default display-message -t %1 -p #{pane_pid}
2025/03/26 18:45:58 DEBU /usr/bin/tmux -S /tmp/tmux-1000/default display-message -t %15 -p #{pane_pid}
2025/03/26 18:45:58 DEBU /usr/bin/tmux -S /tmp/tmux-1000/default display-message -t %23 -p #{pane_pid}
2025/03/26 18:45:58 DEBU /usr/bin/tmux -S /tmp/tmux-1000/default display-message -t %9 -p #{pane_pid}
2025/03/26 18:45:58 DEBU /usr/bin/tmux -S /tmp/tmux-1000/default display-message -t %3 -p #{pane_pid}
2025/03/26 18:45:58 DEBU finding command pid=1571238
2025/03/26 18:45:58 DEBU finding command pid=1572216
2025/03/26 18:45:58 DEBU finding command pid=1012518
2025/03/26 18:45:58 DEBU finding command pid=1571664
2025/03/26 18:45:58 DEBU finding command pid=1571367
2025/03/26 18:45:58 DEBU /usr/bin/tmux display-message -p #{socket_path}
2025/03/26 18:45:58 DEBU /usr/bin/tmux display-message -p #{socket_path}
2025/03/26 18:45:58 DEBU /usr/bin/tmux display-message -p #{socket_path}
2025/03/26 18:45:58 DEBU /usr/bin/tmux display-message -p #{socket_path}
2025/03/26 18:45:58 DEBU /usr/bin/tmux display-message -p #{socket_path}
2025/03/26 18:45:58 DEBU /usr/bin/tmux -S /tmp/tmux-1000/default display-message -t %23 -p -F #{pane_current_path}
2025/03/26 18:45:58 DEBU /usr/bin/tmux -S /tmp/tmux-1000/default display-message -t %3 -p -F #{pane_current_path}
2025/03/26 18:45:58 DEBU /usr/bin/tmux -S /tmp/tmux-1000/default display-message -t %15 -p -F #{pane_current_path}
2025/03/26 18:45:58 DEBU /usr/bin/tmux -S /tmp/tmux-1000/default display-message -t %9 -p -F #{pane_current_path}
2025/03/26 18:45:58 DEBU /usr/bin/tmux -S /tmp/tmux-1000/default display-message -t %1 -p -F #{pane_current_path}
2025/03/26 18:45:58 DEBU /usr/bin/tmux display-message -p #{socket_path}
2025/03/26 18:45:58 DEBU /usr/bin/tmux display-message -p #{socket_path}
2025/03/26 18:45:58 DEBU /usr/bin/tmux -S /tmp/tmux-1000/default display-message -t %16 -p -F #{pane_index}
2025/03/26 18:45:58 DEBU /usr/bin/tmux -S /tmp/tmux-1000/default display-message -t %24 -p -F #{pane_index}
2025/03/26 18:45:58 DEBU /usr/bin/tmux display-message -p #{socket_path}
2025/03/26 18:45:58 DEBU /usr/bin/tmux display-message -p #{socket_path}
2025/03/26 18:45:58 DEBU /usr/bin/tmux -S /tmp/tmux-1000/default display-message -t %16 -p #{pane_pid}
2025/03/26 18:45:58 DEBU /usr/bin/tmux -S /tmp/tmux-1000/default display-message -t %24 -p #{pane_pid}
2025/03/26 18:45:58 DEBU finding command pid=1572240
2025/03/26 18:45:58 DEBU finding command pid=3822572
2025/03/26 18:45:58 DEBU /usr/bin/tmux display-message -p #{socket_path}
2025/03/26 18:45:58 DEBU /usr/bin/tmux display-message -p #{socket_path}
2025/03/26 18:45:58 DEBU /usr/bin/tmux -S /tmp/tmux-1000/default display-message -t %24 -p -F #{pane_current_path}
2025/03/26 18:45:58 DEBU /usr/bin/tmux -S /tmp/tmux-1000/default display-message -t %16 -p -F #{pane_current_path}
2025/03/26 18:45:58 DEBU /usr/bin/tmux display-message -p #{socket_path}
2025/03/26 18:45:58 DEBU /usr/bin/tmux -S /tmp/tmux-1000/default show-environment -t default KUBECONFIG
2025/03/26 18:45:58 DEBU preview size(s) 207=205 28=24
2025/03/26 18:45:58 DEBU resize 235=205 61=24
2025/03/26 18:45:58 DEBU scaled 0=0 0=0 235=205 61=24 scalingX=0.8723404255319149 scalingY=0.39344262295081966
2025/03/26 18:45:58 DEBU resize 235=205 61=24
2025/03/26 18:45:58 DEBU scaled 0=0 0=0 235=205 40=15 scalingX=0.8723404255319149 scalingY=0.39344262295081966
2025/03/26 18:45:58 DEBU resize 235=205 61=24
2025/03/26 18:45:58 DEBU scaled 0=0 41=16 235=205 20=7 scalingX=0.8723404255319149 scalingY=0.39344262295081966
2025/03/26 18:45:58 DEBU resize 235=205 61=24
2025/03/26 18:45:58 DEBU scaled 0=0 41=16 151=131 20=7 scalingX=0.8723404255319149 scalingY=0.39344262295081966
2025/03/26 18:45:58 DEBU resize 235=205 61=24
2025/03/26 18:45:58 DEBU scaled 152=132 41=16 83=72 20=7 scalingX=0.8723404255319149 scalingY=0.39344262295081966
2025/03/26 18:45:58 DEBU /usr/bin/tmux display-message -p #{socket_path}
2025/03/26 18:45:58 DEBU /usr/bin/tmux -S /tmp/tmux-1000/default capture-pane -ep -t %2
2025/03/26 18:45:58 DEBU /usr/bin/tmux display-message -p #{socket_path}
2025/03/26 18:45:58 DEBU /usr/bin/tmux -S /tmp/tmux-1000/default capture-pane -ep -t %3
2025/03/26 18:45:58 DEBU /usr/bin/tmux display-message -p #{socket_path}
2025/03/26 18:45:58 DEBU /usr/bin/tmux -S /tmp/tmux-1000/default capture-pane -ep -t %24
2025/03/26 18:45:58 DEBU /usr/bin/tmux display-message -p #{socket_path}
2025/03/26 18:45:58 DEBU /usr/bin/tmux -S /tmp/tmux-1000/default show-environment -t default KUBECONFIG
2025/03/26 18:45:58 DEBU preview size(s) 207=205 28=24
2025/03/26 18:45:58 DEBU resize 205=205 24=24
2025/03/26 18:45:58 DEBU scaled 0=0 0=0 205=205 24=24 scalingX=1 scalingY=1
2025/03/26 18:45:58 DEBU resize 205=205 24=24
2025/03/26 18:45:58 DEBU scaled 0=0 0=0 205=205 15=15 scalingX=1 scalingY=1
2025/03/26 18:45:58 DEBU resize 205=205 24=24
2025/03/26 18:45:58 DEBU scaled 0=0 16=16 205=205 7=7 scalingX=1 scalingY=1
2025/03/26 18:45:58 DEBU resize 205=205 24=24
2025/03/26 18:45:58 DEBU scaled 0=0 16=16 131=131 7=7 scalingX=1 scalingY=1
2025/03/26 18:45:58 DEBU resize 205=205 24=24
2025/03/26 18:45:58 DEBU scaled 132=132 16=16 72=72 7=7 scalingX=1 scalingY=1
2025/03/26 18:45:58 DEBU /usr/bin/tmux display-message -p #{socket_path}
2025/03/26 18:45:58 DEBU /usr/bin/tmux -S /tmp/tmux-1000/default capture-pane -ep -t %2
2025/03/26 18:45:58 DEBU /usr/bin/tmux display-message -p #{socket_path}
2025/03/26 18:45:58 DEBU /usr/bin/tmux -S /tmp/tmux-1000/default capture-pane -ep -t %3
2025/03/26 18:45:58 DEBU /usr/bin/tmux display-message -p #{socket_path}
2025/03/26 18:45:58 DEBU /usr/bin/tmux -S /tmp/tmux-1000/default capture-pane -ep -t %24
2025/03/26 18:45:58 DEBU /usr/bin/tmux display-message -p #{socket_path}
2025/03/26 18:45:58 DEBU /usr/bin/tmux -S /tmp/tmux-1000/default show-environment -t default KUBECONFIG
2025/03/26 18:45:58 DEBU preview size(s) 207=205 28=24
2025/03/26 18:45:58 DEBU resize 205=205 24=24
2025/03/26 18:45:58 DEBU scaled 0=0 0=0 205=205 24=24 scalingX=1 scalingY=1
2025/03/26 18:45:58 DEBU resize 205=205 24=24
2025/03/26 18:45:58 DEBU scaled 0=0 0=0 205=205 15=15 scalingX=1 scalingY=1
2025/03/26 18:45:58 DEBU resize 205=205 24=24
2025/03/26 18:45:58 DEBU scaled 0=0 16=16 205=205 7=7 scalingX=1 scalingY=1
2025/03/26 18:45:58 DEBU resize 205=205 24=24
2025/03/26 18:45:58 DEBU scaled 0=0 16=16 131=131 7=7 scalingX=1 scalingY=1
2025/03/26 18:45:58 DEBU resize 205=205 24=24
2025/03/26 18:45:58 DEBU scaled 132=132 16=16 72=72 7=7 scalingX=1 scalingY=1
2025/03/26 18:45:58 DEBU /usr/bin/tmux display-message -p #{socket_path}
2025/03/26 18:45:58 DEBU /usr/bin/tmux -S /tmp/tmux-1000/default capture-pane -ep -t %2
2025/03/26 18:45:58 DEBU /usr/bin/tmux display-message -p #{socket_path}
2025/03/26 18:45:58 DEBU /usr/bin/tmux -S /tmp/tmux-1000/default capture-pane -ep -t %3
2025/03/26 18:45:58 DEBU /usr/bin/tmux display-message -p #{socket_path}
2025/03/26 18:45:58 DEBU /usr/bin/tmux -S /tmp/tmux-1000/default capture-pane -ep -t %24
2025/03/26 18:46:05 DEBU /usr/bin/tmux display-message -p #{socket_path}
2025/03/26 18:46:05 DEBU /usr/bin/tmux -S /tmp/tmux-1000/default show-environment -t default KUBECONFIG
2025/03/26 18:46:05 DEBU preview size(s) 207=205 28=24
2025/03/26 18:46:05 DEBU resize 205=205 24=24
2025/03/26 18:46:05 DEBU scaled 0=0 0=0 205=205 24=24 scalingX=1 scalingY=1
2025/03/26 18:46:05 DEBU resize 205=205 24=24
2025/03/26 18:46:05 DEBU scaled 0=0 0=0 205=205 15=15 scalingX=1 scalingY=1
2025/03/26 18:46:05 DEBU resize 205=205 24=24
2025/03/26 18:46:05 DEBU scaled 0=0 16=16 205=205 7=7 scalingX=1 scalingY=1
2025/03/26 18:46:05 DEBU resize 205=205 24=24
2025/03/26 18:46:05 DEBU scaled 0=0 16=16 131=131 7=7 scalingX=1 scalingY=1
2025/03/26 18:46:05 DEBU resize 205=205 24=24
2025/03/26 18:46:05 DEBU scaled 132=132 16=16 72=72 7=7 scalingX=1 scalingY=1
2025/03/26 18:46:05 DEBU /usr/bin/tmux display-message -p #{socket_path}
2025/03/26 18:46:05 DEBU /usr/bin/tmux -S /tmp/tmux-1000/default capture-pane -ep -t %2
2025/03/26 18:46:05 DEBU /usr/bin/tmux display-message -p #{socket_path}
2025/03/26 18:46:05 DEBU /usr/bin/tmux -S /tmp/tmux-1000/default capture-pane -ep -t %3
2025/03/26 18:46:05 DEBU /usr/bin/tmux display-message -p #{socket_path}
2025/03/26 18:46:05 DEBU /usr/bin/tmux -S /tmp/tmux-1000/default capture-pane -ep -t %24
2025/03/26 18:46:05 DEBU /usr/bin/tmux display-message -p #{socket_path}
2025/03/26 18:46:05 DEBU /usr/bin/tmux -S /tmp/tmux-1000/default show-environment -t default KUBECONFIG
2025/03/26 18:46:05 DEBU preview size(s) 207=205 28=24
2025/03/26 18:46:05 DEBU resize 205=205 24=24
2025/03/26 18:46:05 DEBU scaled 0=0 0=0 205=205 24=24 scalingX=1 scalingY=1
2025/03/26 18:46:05 DEBU resize 205=205 24=24
2025/03/26 18:46:05 DEBU scaled 0=0 0=0 205=205 15=15 scalingX=1 scalingY=1
2025/03/26 18:46:05 DEBU resize 205=205 24=24
2025/03/26 18:46:05 DEBU scaled 0=0 16=16 205=205 7=7 scalingX=1 scalingY=1
2025/03/26 18:46:05 DEBU resize 205=205 24=24
2025/03/26 18:46:05 DEBU scaled 0=0 16=16 131=131 7=7 scalingX=1 scalingY=1
2025/03/26 18:46:05 DEBU resize 205=205 24=24
2025/03/26 18:46:05 DEBU scaled 132=132 16=16 72=72 7=7 scalingX=1 scalingY=1
2025/03/26 18:46:05 DEBU /usr/bin/tmux display-message -p #{socket_path}
2025/03/26 18:46:05 DEBU /usr/bin/tmux -S /tmp/tmux-1000/default capture-pane -ep -t %2
2025/03/26 18:46:05 DEBU /usr/bin/tmux display-message -p #{socket_path}
2025/03/26 18:46:05 DEBU /usr/bin/tmux -S /tmp/tmux-1000/default capture-pane -ep -t %3
2025/03/26 18:46:05 DEBU /usr/bin/tmux display-message -p #{socket_path}
2025/03/26 18:46:05 DEBU /usr/bin/tmux -S /tmp/tmux-1000/default capture-pane -ep -t %24
2025/03/26 18:46:06 DEBU /usr/bin/tmux display-message -p #{socket_path}
2025/03/26 18:46:06 DEBU /usr/bin/tmux -S /tmp/tmux-1000/default show-environment -t default KUBECONFIG
2025/03/26 18:46:06 DEBU preview size(s) 207=205 28=24
2025/03/26 18:46:06 DEBU resize 205=205 24=24
2025/03/26 18:46:06 DEBU scaled 0=0 0=0 205=205 24=24 scalingX=1 scalingY=1
2025/03/26 18:46:06 DEBU resize 205=205 24=24
2025/03/26 18:46:06 DEBU scaled 0=0 0=0 205=205 15=15 scalingX=1 scalingY=1
2025/03/26 18:46:06 DEBU resize 205=205 24=24
2025/03/26 18:46:06 DEBU scaled 0=0 16=16 205=205 7=7 scalingX=1 scalingY=1
2025/03/26 18:46:06 DEBU resize 205=205 24=24
2025/03/26 18:46:06 DEBU scaled 0=0 16=16 131=131 7=7 scalingX=1 scalingY=1
2025/03/26 18:46:06 DEBU resize 205=205 24=24
2025/03/26 18:46:06 DEBU scaled 132=132 16=16 72=72 7=7 scalingX=1 scalingY=1
2025/03/26 18:46:06 DEBU /usr/bin/tmux display-message -p #{socket_path}
2025/03/26 18:46:06 DEBU /usr/bin/tmux -S /tmp/tmux-1000/default capture-pane -ep -t %2
2025/03/26 18:46:06 DEBU /usr/bin/tmux display-message -p #{socket_path}
2025/03/26 18:46:06 DEBU /usr/bin/tmux -S /tmp/tmux-1000/default capture-pane -ep -t %3
2025/03/26 18:46:06 DEBU /usr/bin/tmux display-message -p #{socket_path}
2025/03/26 18:46:06 DEBU /usr/bin/tmux -S /tmp/tmux-1000/default capture-pane -ep -t %24
2025/03/26 18:46:07 DEBU got key key=4
2025/03/26 18:46:07 DEBU using lastch=4 BaseIndex=1
2025/03/26 18:46:07 DEBU /usr/bin/tmux display-message -p #{socket_path}
2025/03/26 18:46:07 DEBU /usr/bin/tmux -S /tmp/tmux-1000/default show-environment -t default KUBECONFIG
2025/03/26 18:46:07 DEBU preview size(s) 207=205 28=24
2025/03/26 18:46:07 DEBU resize 205=205 24=24
2025/03/26 18:46:07 DEBU scaled 0=0 0=0 205=205 24=24 scalingX=1 scalingY=1
2025/03/26 18:46:07 DEBU resize 205=205 24=24
2025/03/26 18:46:07 DEBU scaled 0=0 0=0 205=205 15=15 scalingX=1 scalingY=1
2025/03/26 18:46:07 DEBU resize 205=205 24=24
2025/03/26 18:46:07 DEBU scaled 0=0 16=16 205=205 7=7 scalingX=1 scalingY=1
2025/03/26 18:46:07 DEBU resize 205=205 24=24
2025/03/26 18:46:07 DEBU scaled 0=0 16=16 131=131 7=7 scalingX=1 scalingY=1
2025/03/26 18:46:07 DEBU resize 205=205 24=24
2025/03/26 18:46:07 DEBU scaled 132=132 16=16 72=72 7=7 scalingX=1 scalingY=1
2025/03/26 18:46:07 DEBU /usr/bin/tmux display-message -p #{socket_path}
2025/03/26 18:46:07 DEBU /usr/bin/tmux -S /tmp/tmux-1000/default capture-pane -ep -t %2
2025/03/26 18:46:07 DEBU /usr/bin/tmux display-message -p #{socket_path}
2025/03/26 18:46:07 DEBU /usr/bin/tmux -S /tmp/tmux-1000/default capture-pane -ep -t %3
2025/03/26 18:46:07 DEBU /usr/bin/tmux display-message -p #{socket_path}
2025/03/26 18:46:07 DEBU /usr/bin/tmux -S /tmp/tmux-1000/default capture-pane -ep -t %24
2025/03/26 18:46:07 DEBU /usr/bin/tmux display-message -p #{socket_path}
2025/03/26 18:46:07 DEBU /usr/bin/tmux -S /tmp/tmux-1000/default show-environment -t default KUBECONFIG
2025/03/26 18:46:07 DEBU preview size(s) 207=205 28=24
2025/03/26 18:46:07 DEBU resize 205=205 24=24
2025/03/26 18:46:07 DEBU scaled 0=0 0=0 205=205 24=24 scalingX=1 scalingY=1
2025/03/26 18:46:07 DEBU resize 205=205 24=24
2025/03/26 18:46:07 DEBU scaled 0=0 0=0 205=205 15=15 scalingX=1 scalingY=1
2025/03/26 18:46:07 DEBU resize 205=205 24=24
2025/03/26 18:46:07 DEBU scaled 0=0 16=16 205=205 7=7 scalingX=1 scalingY=1
2025/03/26 18:46:07 DEBU resize 205=205 24=24
2025/03/26 18:46:07 DEBU scaled 0=0 16=16 131=131 7=7 scalingX=1 scalingY=1
2025/03/26 18:46:07 DEBU resize 205=205 24=24
2025/03/26 18:46:07 DEBU scaled 132=132 16=16 72=72 7=7 scalingX=1 scalingY=1
2025/03/26 18:46:07 DEBU /usr/bin/tmux display-message -p #{socket_path}
2025/03/26 18:46:07 DEBU /usr/bin/tmux -S /tmp/tmux-1000/default capture-pane -ep -t %2
2025/03/26 18:46:08 DEBU /usr/bin/tmux display-message -p #{socket_path}
2025/03/26 18:46:08 DEBU /usr/bin/tmux -S /tmp/tmux-1000/default capture-pane -ep -t %3
2025/03/26 18:46:08 DEBU /usr/bin/tmux display-message -p #{socket_path}
2025/03/26 18:46:08 DEBU /usr/bin/tmux -S /tmp/tmux-1000/default capture-pane -ep -t %24
2025/03/26 18:46:08 DEBU loading content session=default window=1 pane=4
2025/03/26 18:46:08 DEBU session &{Attached:true Created:2025-03-24 13:11:08 +0100 CET Index:0 Group: Name:default NumWindows:5 Path:/home/mproffitt Windows:[0xc00044e640 0xc0004c21e0 0xc00028c1e0 0xc0001ca820 0xc0003366e0] colours:<nil> command:}
2025/03/26 18:46:08 DEBU window &{Active:true Command: Index:1 Flags:map[33:false 35:false 42:true 45:false 77:false 90:false 126:false] Name:primary PaneCount:3 Session:default checksum:bd6b root:0xc0003e7908 layout:bd6b,235x61,0,0[235x40,0,0,2,235x20,0,41{151x20,0,41,3,83x20,152,41,24}] bordercol:{Light:#2959aa Dark:#7aa2f7}}
